# JRE version: OpenJDK Runtime Environment (8.0_265-b01) (build 1.8.0_265-b01)
# Java VM: OpenJDK 64-Bit Server VM (25.265-b01 mixed mode bsd-amd64 compressed oops)
Heap:
 PSYoungGen      total 387072K, used 206306K [0x0000000795580000, 0x00000007b0200000, 0x00000007c0000000)
  eden space 351744K, 55% used [0x0000000795580000,0x00000007a159cb38,0x00000007aad00000)
  from space 35328K, 27% used [0x00000007adf80000,0x00000007ae8dc080,0x00000007b0200000)
  to   space 43520K, 0% used [0x00000007aad00000,0x00000007aad00000,0x00000007ad780000)
 ParOldGen       total 699392K, used 14324K [0x0000000740000000, 0x000000076ab00000, 0x0000000795580000)
  object space 699392K, 2% used [0x0000000740000000,0x0000000740dfd2d0,0x000000076ab00000)
 Metaspace       used 25866K, capacity 26398K, committed 26624K, reserved 1073152K
  class space    used 2791K, capacity 2966K, committed 3072K, reserved 1048576K
GC Heap History (10 events):
Event: 1.706 GC heap before
{Heap before GC invocations=1 (full 0):
 PSYoungGen      total 305664K, used 262144K [0x0000000795580000, 0x00000007aaa80000, 0x00000007c0000000)
  eden space 262144K, 100% used [0x0000000795580000,0x00000007a5580000,0x00000007a5580000)
  from space 43520K, 0% used [0x00000007a8000000,0x00000007a8000000,0x00000007aaa80000)
  to   space 43520K, 0% used [0x00000007a5580000,0x00000007a5580000,0x00000007a8000000)
 ParOldGen       total 699392K, used 0K [0x0000000740000000, 0x000000076ab00000, 0x0000000795580000)
  object space 699392K, 0% used [0x0000000740000000,0x0000000740000000,0x000000076ab00000)
 Metaspace       used 15996K, capacity 16222K, committed 16384K, reserved 1064960K
  class space    used 1684K, capacity 1773K, committed 1792K, reserved 1048576K
Event: 1.715 GC heap after
Heap after GC invocations=1 (full 0):
 PSYoungGen      total 305664K, used 12475K [0x0000000795580000, 0x00000007aaa80000, 0x00000007c0000000)
  eden space 262144K, 0% used [0x0000000795580000,0x0000000795580000,0x00000007a5580000)
  from space 43520K, 28% used [0x00000007a5580000,0x00000007a61aed50,0x00000007a8000000)
  to   space 43520K, 0% used [0x00000007a8000000,0x00000007a8000000,0x00000007aaa80000)
 ParOldGen       total 699392K, used 32K [0x0000000740000000, 0x000000076ab00000, 0x0000000795580000)
  object space 699392K, 0% used [0x0000000740000000,0x0000000740008000,0x000000076ab00000)
 Metaspace       used 15996K, capacity 16222K, committed 16384K, reserved 1064960K
  class space    used 1684K, capacity 1773K, committed 1792K, reserved 1048576K
}
Event: 2.253 GC heap before
{Heap before GC invocations=2 (full 0):
 PSYoungGen      total 305664K, used 147525K [0x0000000795580000, 0x00000007aaa80000, 0x00000007c0000000)
  eden space 262144K, 51% used [0x0000000795580000,0x000000079d9629d8,0x00000007a5580000)
  from space 43520K, 28% used [0x00000007a5580000,0x00000007a61aed50,0x00000007a8000000)
  to   space 43520K, 0% used [0x00000007a8000000,0x00000007a8000000,0x00000007aaa80000)
 ParOldGen       total 699392K, used 32K [0x0000000740000000, 0x000000076ab00000, 0x0000000795580000)
  object space 699392K, 0% used [0x0000000740000000,0x0000000740008000,0x000000076ab00000)
 Metaspace       used 20844K, capacity 21068K, committed 21296K, reserved 1069056K
  class space    used 2242K, capacity 2341K, committed 2432K, reserved 1048576K
Event: 2.263 GC heap after
Heap after GC invocations=2 (full 0):
 PSYoungGen      total 305664K, used 14640K [0x0000000795580000, 0x00000007baa80000, 0x00000007c0000000)
  eden space 262144K, 0% used [0x0000000795580000,0x0000000795580000,0x00000007a5580000)
  from space 43520K, 33% used [0x00000007a8000000,0x00000007a8e4c138,0x00000007aaa80000)
  to   space 43520K, 0% used [0x00000007a5580000,0x00000007a5580000,0x00000007a8000000)
 ParOldGen       total 699392K, used 40K [0x0000000740000000, 0x000000076ab00000, 0x0000000795580000)
  object space 699392K, 0% used [0x0000000740000000,0x000000074000a000,0x000000076ab00000)
 Metaspace       used 20844K, capacity 21068K, committed 21296K, reserved 1069056K
  class space    used 2242K, capacity 2341K, committed 2432K, reserved 1048576K
}
Event: 2.263 GC heap before
{Heap before GC invocations=3 (full 1):
 PSYoungGen      total 305664K, used 14640K [0x0000000795580000, 0x00000007baa80000, 0x00000007c0000000)
  eden space 262144K, 0% used [0x0000000795580000,0x0000000795580000,0x00000007a5580000)
  from space 43520K, 33% used [0x00000007a8000000,0x00000007a8e4c138,0x00000007aaa80000)
  to   space 43520K, 0% used [0x00000007a5580000,0x00000007a5580000,0x00000007a8000000)
 ParOldGen       total 699392K, used 40K [0x0000000740000000, 0x000000076ab00000, 0x0000000795580000)
  object space 699392K, 0% used [0x0000000740000000,0x000000074000a000,0x000000076ab00000)
 Metaspace       used 20844K, capacity 21068K, committed 21296K, reserved 1069056K
  class space    used 2242K, capacity 2341K, committed 2432K, reserved 1048576K
Event: 2.294 GC heap after
Heap after GC invocations=3 (full 1):
 PSYoungGen      total 305664K, used 0K [0x0000000795580000, 0x00000007baa80000, 0x00000007c0000000)
  eden space 262144K, 0% used [0x0000000795580000,0x0000000795580000,0x00000007a5580000)
  from space 43520K, 0% used [0x00000007a8000000,0x00000007a8000000,0x00000007aaa80000)
  to   space 43520K, 0% used [0x00000007a5580000,0x00000007a5580000,0x00000007a8000000)
 ParOldGen       total 699392K, used 14308K [0x0000000740000000, 0x000000076ab00000, 0x0000000795580000)
  object space 699392K, 2% used [0x0000000740000000,0x0000000740df92d0,0x000000076ab00000)
 Metaspace       used 20844K, capacity 21068K, committed 21296K, reserved 1069056K
  class space    used 2242K, capacity 2341K, committed 2432K, reserved 1048576K
}
Event: 4.219 GC heap before
{Heap before GC invocations=4 (full 1):
 PSYoungGen      total 305664K, used 262144K [0x0000000795580000, 0x00000007baa80000, 0x00000007c0000000)
  eden space 262144K, 100% used [0x0000000795580000,0x00000007a5580000,0x00000007a5580000)
  from space 43520K, 0% used [0x00000007a8000000,0x00000007a8000000,0x00000007aaa80000)
  to   space 43520K, 0% used [0x00000007a5580000,0x00000007a5580000,0x00000007a8000000)
 ParOldGen       total 699392K, used 14308K [0x0000000740000000, 0x000000076ab00000, 0x0000000795580000)
  object space 699392K, 2% used [0x0000000740000000,0x0000000740df92d0,0x000000076ab00000)
 Metaspace       used 25620K, capacity 26162K, committed 26240K, reserved 1073152K
  class space    used 2774K, capacity 2932K, committed 2944K, reserved 1048576K
Event: 4.224 GC heap after
Heap after GC invocations=4 (full 1):
 PSYoungGen      total 305664K, used 13783K [0x0000000795580000, 0x00000007b0a00000, 0x00000007c0000000)
  eden space 262144K, 0% used [0x0000000795580000,0x0000000795580000,0x00000007a5580000)
  from space 43520K, 31% used [0x00000007a5580000,0x00000007a62f5e10,0x00000007a8000000)
  to   space 43520K, 0% used [0x00000007adf80000,0x00000007adf80000,0x00000007b0a00000)
 ParOldGen       total 699392K, used 14316K [0x0000000740000000, 0x000000076ab00000, 0x0000000795580000)
  object space 699392K, 2% used [0x0000000740000000,0x0000000740dfb2d0,0x000000076ab00000)
 Metaspace       used 25620K, capacity 26162K, committed 26240K, reserved 1073152K
  class space    used 2774K, capacity 2932K, committed 2944K, reserved 1048576K
}
Event: 5.480 GC heap before
{Heap before GC invocations=5 (full 1):
 PSYoungGen      total 305664K, used 275927K [0x0000000795580000, 0x00000007b0a00000, 0x00000007c0000000)
  eden space 262144K, 100% used [0x0000000795580000,0x00000007a5580000,0x00000007a5580000)
  from space 43520K, 31% used [0x00000007a5580000,0x00000007a62f5e10,0x00000007a8000000)
  to   space 43520K, 0% used [0x00000007adf80000,0x00000007adf80000,0x00000007b0a00000)
 ParOldGen       total 699392K, used 14316K [0x0000000740000000, 0x000000076ab00000, 0x0000000795580000)
  object space 699392K, 2% used [0x0000000740000000,0x0000000740dfb2d0,0x000000076ab00000)
 Metaspace       used 25835K, capacity 26322K, committed 26624K, reserved 1073152K
  class space    used 2790K, capacity 2964K, committed 3072K, reserved 1048576K
Event: 5.485 GC heap after
Heap after GC invocations=5 (full 1):
 PSYoungGen      total 387072K, used 9584K [0x0000000795580000, 0x00000007b0200000, 0x00000007c0000000)
  eden space 351744K, 0% used [0x0000000795580000,0x0000000795580000,0x00000007aad00000)
  from space 35328K, 27% used [0x00000007adf80000,0x00000007ae8dc080,0x00000007b0200000)
  to   space 43520K, 0% used [0x00000007aad00000,0x00000007aad00000,0x00000007ad780000)
 ParOldGen       total 699392K, used 14324K [0x0000000740000000, 0x000000076ab00000, 0x0000000795580000)
  object space 699392K, 2% used [0x0000000740000000,0x0000000740dfd2d0,0x000000076ab00000)
 Metaspace       used 25835K, capacity 26322K, committed 26624K, reserved 1073152K
  class space    used 2790K, capacity 2964K, committed 3072K, reserved 1048576K
}

