# JRE version: OpenJDK Runtime Environment (8.0_265-b01) (build 1.8.0_265-b01)
# Java VM: OpenJDK 64-Bit Server VM (25.265-b01 mixed mode bsd-amd64 compressed oops)
Heap:
 PSYoungGen      total 373248K, used 204842K [0x0000000795580000, 0x00000007af880000, 0x00000007c0000000)
  eden space 342016K, 58% used [0x0000000795580000,0x00000007a18d6898,0x00000007aa380000)
  from space 31232K, 15% used [0x00000007ada00000,0x00000007adeb4080,0x00000007af880000)
  to   space 43520K, 0% used [0x00000007aa380000,0x00000007aa380000,0x00000007ace00000)
 ParOldGen       total 699392K, used 14213K [0x0000000740000000, 0x000000076ab00000, 0x0000000795580000)
  object space 699392K, 2% used [0x0000000740000000,0x0000000740de16c8,0x000000076ab00000)
 Metaspace       used 25941K, capacity 26472K, committed 26880K, reserved 1073152K
  class space    used 2804K, capacity 2967K, committed 3072K, reserved 1048576K
GC Heap History (10 events):
Event: 1.602 GC heap before
{Heap before GC invocations=1 (full 0):
 PSYoungGen      total 305664K, used 262144K [0x0000000795580000, 0x00000007aaa80000, 0x00000007c0000000)
  eden space 262144K, 100% used [0x0000000795580000,0x00000007a5580000,0x00000007a5580000)
  from space 43520K, 0% used [0x00000007a8000000,0x00000007a8000000,0x00000007aaa80000)
  to   space 43520K, 0% used [0x00000007a5580000,0x00000007a5580000,0x00000007a8000000)
 ParOldGen       total 699392K, used 0K [0x0000000740000000, 0x000000076ab00000, 0x0000000795580000)
  object space 699392K, 0% used [0x0000000740000000,0x0000000740000000,0x000000076ab00000)
 Metaspace       used 16092K, capacity 16386K, committed 16768K, reserved 1064960K
  class space    used 1698K, capacity 1805K, committed 1920K, reserved 1048576K
Event: 1.611 GC heap after
Heap after GC invocations=1 (full 0):
 PSYoungGen      total 305664K, used 12522K [0x0000000795580000, 0x00000007aaa80000, 0x00000007c0000000)
  eden space 262144K, 0% used [0x0000000795580000,0x0000000795580000,0x00000007a5580000)
  from space 43520K, 28% used [0x00000007a5580000,0x00000007a61baa10,0x00000007a8000000)
  to   space 43520K, 0% used [0x00000007a8000000,0x00000007a8000000,0x00000007aaa80000)
 ParOldGen       total 699392K, used 32K [0x0000000740000000, 0x000000076ab00000, 0x0000000795580000)
  object space 699392K, 0% used [0x0000000740000000,0x0000000740008000,0x000000076ab00000)
 Metaspace       used 16092K, capacity 16386K, committed 16768K, reserved 1064960K
  class space    used 1698K, capacity 1805K, committed 1920K, reserved 1048576K
}
Event: 2.073 GC heap before
{Heap before GC invocations=2 (full 0):
 PSYoungGen      total 305664K, used 139727K [0x0000000795580000, 0x00000007aaa80000, 0x00000007c0000000)
  eden space 262144K, 48% used [0x0000000795580000,0x000000079d1b95e0,0x00000007a5580000)
  from space 43520K, 28% used [0x00000007a5580000,0x00000007a61baa10,0x00000007a8000000)
  to   space 43520K, 0% used [0x00000007a8000000,0x00000007a8000000,0x00000007aaa80000)
 ParOldGen       total 699392K, used 32K [0x0000000740000000, 0x000000076ab00000, 0x0000000795580000)
  object space 699392K, 0% used [0x0000000740000000,0x0000000740008000,0x000000076ab00000)
 Metaspace       used 20706K, capacity 20962K, committed 21296K, reserved 1069056K
  class space    used 2224K, capacity 2307K, committed 2432K, reserved 1048576K
Event: 2.082 GC heap after
Heap after GC invocations=2 (full 0):
 PSYoungGen      total 305664K, used 14544K [0x0000000795580000, 0x00000007baa80000, 0x00000007c0000000)
  eden space 262144K, 0% used [0x0000000795580000,0x0000000795580000,0x00000007a5580000)
  from space 43520K, 33% used [0x00000007a8000000,0x00000007a8e342e0,0x00000007aaa80000)
  to   space 43520K, 0% used [0x00000007a5580000,0x00000007a5580000,0x00000007a8000000)
 ParOldGen       total 699392K, used 48K [0x0000000740000000, 0x000000076ab00000, 0x0000000795580000)
  object space 699392K, 0% used [0x0000000740000000,0x000000074000c000,0x000000076ab00000)
 Metaspace       used 20706K, capacity 20962K, committed 21296K, reserved 1069056K
  class space    used 2224K, capacity 2307K, committed 2432K, reserved 1048576K
}
Event: 2.082 GC heap before
{Heap before GC invocations=3 (full 1):
 PSYoungGen      total 305664K, used 14544K [0x0000000795580000, 0x00000007baa80000, 0x00000007c0000000)
  eden space 262144K, 0% used [0x0000000795580000,0x0000000795580000,0x00000007a5580000)
  from space 43520K, 33% used [0x00000007a8000000,0x00000007a8e342e0,0x00000007aaa80000)
  to   space 43520K, 0% used [0x00000007a5580000,0x00000007a5580000,0x00000007a8000000)
 ParOldGen       total 699392K, used 48K [0x0000000740000000, 0x000000076ab00000, 0x0000000795580000)
  object space 699392K, 0% used [0x0000000740000000,0x000000074000c000,0x000000076ab00000)
 Metaspace       used 20706K, capacity 20962K, committed 21296K, reserved 1069056K
  class space    used 2224K, capacity 2307K, committed 2432K, reserved 1048576K
Event: 2.116 GC heap after
Heap after GC invocations=3 (full 1):
 PSYoungGen      total 305664K, used 0K [0x0000000795580000, 0x00000007baa80000, 0x00000007c0000000)
  eden space 262144K, 0% used [0x0000000795580000,0x0000000795580000,0x00000007a5580000)
  from space 43520K, 0% used [0x00000007a8000000,0x00000007a8000000,0x00000007aaa80000)
  to   space 43520K, 0% used [0x00000007a5580000,0x00000007a5580000,0x00000007a8000000)
 ParOldGen       total 699392K, used 14197K [0x0000000740000000, 0x000000076ab00000, 0x0000000795580000)
  object space 699392K, 2% used [0x0000000740000000,0x0000000740ddd6c8,0x000000076ab00000)
 Metaspace       used 20706K, capacity 20962K, committed 21296K, reserved 1069056K
  class space    used 2224K, capacity 2307K, committed 2432K, reserved 1048576K
}
Event: 3.466 GC heap before
{Heap before GC invocations=4 (full 1):
 PSYoungGen      total 305664K, used 262144K [0x0000000795580000, 0x00000007baa80000, 0x00000007c0000000)
  eden space 262144K, 100% used [0x0000000795580000,0x00000007a5580000,0x00000007a5580000)
  from space 43520K, 0% used [0x00000007a8000000,0x00000007a8000000,0x00000007aaa80000)
  to   space 43520K, 0% used [0x00000007a5580000,0x00000007a5580000,0x00000007a8000000)
 ParOldGen       total 699392K, used 14197K [0x0000000740000000, 0x000000076ab00000, 0x0000000795580000)
  object space 699392K, 2% used [0x0000000740000000,0x0000000740ddd6c8,0x000000076ab00000)
 Metaspace       used 25702K, capacity 26236K, committed 26496K, reserved 1073152K
  class space    used 2787K, capacity 2933K, committed 2944K, reserved 1048576K
Event: 3.470 GC heap after
Heap after GC invocations=4 (full 1):
 PSYoungGen      total 305664K, used 10667K [0x0000000795580000, 0x00000007b0480000, 0x00000007c0000000)
  eden space 262144K, 0% used [0x0000000795580000,0x0000000795580000,0x00000007a5580000)
  from space 43520K, 24% used [0x00000007a5580000,0x00000007a5feac70,0x00000007a8000000)
  to   space 43520K, 0% used [0x00000007ada00000,0x00000007ada00000,0x00000007b0480000)
 ParOldGen       total 699392K, used 14205K [0x0000000740000000, 0x000000076ab00000, 0x0000000795580000)
  object space 699392K, 2% used [0x0000000740000000,0x0000000740ddf6c8,0x000000076ab00000)
 Metaspace       used 25702K, capacity 26236K, committed 26496K, reserved 1073152K
  class space    used 2787K, capacity 2933K, committed 2944K, reserved 1048576K
}
Event: 4.676 GC heap before
{Heap before GC invocations=5 (full 1):
 PSYoungGen      total 305664K, used 272811K [0x0000000795580000, 0x00000007b0480000, 0x00000007c0000000)
  eden space 262144K, 100% used [0x0000000795580000,0x00000007a5580000,0x00000007a5580000)
  from space 43520K, 24% used [0x00000007a5580000,0x00000007a5feac70,0x00000007a8000000)
  to   space 43520K, 0% used [0x00000007ada00000,0x00000007ada00000,0x00000007b0480000)
 ParOldGen       total 699392K, used 14205K [0x0000000740000000, 0x000000076ab00000, 0x0000000795580000)
  object space 699392K, 2% used [0x0000000740000000,0x0000000740ddf6c8,0x000000076ab00000)
 Metaspace       used 25911K, capacity 26396K, committed 26624K, reserved 1073152K
  class space    used 2803K, capacity 2965K, committed 3072K, reserved 1048576K
Event: 4.679 GC heap after
Heap after GC invocations=5 (full 1):
 PSYoungGen      total 373248K, used 4816K [0x0000000795580000, 0x00000007af880000, 0x00000007c0000000)
  eden space 342016K, 0% used [0x0000000795580000,0x0000000795580000,0x00000007aa380000)
  from space 31232K, 15% used [0x00000007ada00000,0x00000007adeb4080,0x00000007af880000)
  to   space 43520K, 0% used [0x00000007aa380000,0x00000007aa380000,0x00000007ace00000)
 ParOldGen       total 699392K, used 14213K [0x0000000740000000, 0x000000076ab00000, 0x0000000795580000)
  object space 699392K, 2% used [0x0000000740000000,0x0000000740de16c8,0x000000076ab00000)
 Metaspace       used 25911K, capacity 26396K, committed 26624K, reserved 1073152K
  class space    used 2803K, capacity 2965K, committed 3072K, reserved 1048576K
}

