# JRE version: OpenJDK Runtime Environment (8.0_265-b01) (build 1.8.0_265-b01)
# Java VM: OpenJDK 64-Bit Server VM (25.265-b01 mixed mode bsd-amd64 compressed oops)
Heap:
 PSYoungGen      total 610816K, used 187331K [0x0000000795580000, 0x00000007bba80000, 0x00000007c0000000)
  eden space 610304K, 30% used [0x0000000795580000,0x00000007a0c70dc0,0x00000007ba980000)
  from space 512K, 0% used [0x00000007ba980000,0x00000007ba980000,0x00000007baa00000)
  to   space 8704K, 0% used [0x00000007bb200000,0x00000007bb200000,0x00000007bba80000)
 ParOldGen       total 699392K, used 293053K [0x0000000740000000, 0x000000076ab00000, 0x0000000795580000)
  object space 699392K, 41% used [0x0000000740000000,0x0000000751e2f480,0x000000076ab00000)
 Metaspace       used 32077K, capacity 32778K, committed 33152K, reserved 1079296K
  class space    used 3395K, capacity 3590K, committed 3712K, reserved 1048576K
GC Heap History (10 events):
Event: 115.696 GC heap before
{Heap before GC invocations=2182 (full 1089):
 PSYoungGen      total 620032K, used 128K [0x0000000795580000, 0x00000007bbc80000, 0x00000007c0000000)
  eden space 610304K, 0% used [0x0000000795580000,0x0000000795580000,0x00000007ba980000)
  from space 9728K, 1% used [0x00000007ba980000,0x00000007ba9a0000,0x00000007bb300000)
  to   space 9728K, 0% used [0x00000007bb300000,0x00000007bb300000,0x00000007bbc80000)
 ParOldGen       total 699392K, used 581588K [0x0000000740000000, 0x000000076ab00000, 0x0000000795580000)
  object space 699392K, 83% used [0x0000000740000000,0x00000007637f5118,0x000000076ab00000)
 Metaspace       used 32076K, capacity 32778K, committed 33152K, reserved 1079296K
  class space    used 3395K, capacity 3590K, committed 3712K, reserved 1048576K
Event: 115.756 GC heap after
Heap after GC invocations=2182 (full 1089):
 PSYoungGen      total 620032K, used 0K [0x0000000795580000, 0x00000007bbc80000, 0x00000007c0000000)
  eden space 610304K, 0% used [0x0000000795580000,0x0000000795580000,0x00000007ba980000)
  from space 9728K, 0% used [0x00000007ba980000,0x00000007ba980000,0x00000007bb300000)
  to   space 9728K, 0% used [0x00000007bb300000,0x00000007bb300000,0x00000007bbc80000)
 ParOldGen       total 699392K, used 526076K [0x0000000740000000, 0x000000076ab00000, 0x0000000795580000)
  object space 699392K, 75% used [0x0000000740000000,0x00000007601bf1f0,0x000000076ab00000)
 Metaspace       used 32076K, capacity 32778K, committed 33152K, reserved 1079296K
  class space    used 3395K, capacity 3590K, committed 3712K, reserved 1048576K
}
Event: 115.843 GC heap before
{Heap before GC invocations=2183 (full 1089):
 PSYoungGen      total 620032K, used 93666K [0x0000000795580000, 0x00000007bbc80000, 0x00000007c0000000)
  eden space 610304K, 15% used [0x0000000795580000,0x000000079b0f88f0,0x00000007ba980000)
  from space 9728K, 0% used [0x00000007ba980000,0x00000007ba980000,0x00000007bb300000)
  to   space 9728K, 0% used [0x00000007bb300000,0x00000007bb300000,0x00000007bbc80000)
 ParOldGen       total 699392K, used 526076K [0x0000000740000000, 0x000000076ab00000, 0x0000000795580000)
  object space 699392K, 75% used [0x0000000740000000,0x00000007601bf1f0,0x000000076ab00000)
 Metaspace       used 32076K, capacity 32778K, committed 33152K, reserved 1079296K
  class space    used 3395K, capacity 3590K, committed 3712K, reserved 1048576K
Event: 115.845 GC heap after
Heap after GC invocations=2183 (full 1089):
 PSYoungGen      total 619008K, used 480K [0x0000000795580000, 0x00000007bbb80000, 0x00000007c0000000)
  eden space 610304K, 0% used [0x0000000795580000,0x0000000795580000,0x00000007ba980000)
  from space 8704K, 5% used [0x00000007bb300000,0x00000007bb378030,0x00000007bbb80000)
  to   space 9216K, 0% used [0x00000007ba980000,0x00000007ba980000,0x00000007bb280000)
 ParOldGen       total 699392K, used 526076K [0x0000000740000000, 0x000000076ab00000, 0x0000000795580000)
  object space 699392K, 75% used [0x0000000740000000,0x00000007601bf1f0,0x000000076ab00000)
 Metaspace       used 32076K, capacity 32778K, committed 33152K, reserved 1079296K
  class space    used 3395K, capacity 3590K, committed 3712K, reserved 1048576K
}
Event: 115.845 GC heap before
{Heap before GC invocations=2184 (full 1090):
 PSYoungGen      total 619008K, used 480K [0x0000000795580000, 0x00000007bbb80000, 0x00000007c0000000)
  eden space 610304K, 0% used [0x0000000795580000,0x0000000795580000,0x00000007ba980000)
  from space 8704K, 5% used [0x00000007bb300000,0x00000007bb378030,0x00000007bbb80000)
  to   space 9216K, 0% used [0x00000007ba980000,0x00000007ba980000,0x00000007bb280000)
 ParOldGen       total 699392K, used 526076K [0x0000000740000000, 0x000000076ab00000, 0x0000000795580000)
  object space 699392K, 75% used [0x0000000740000000,0x00000007601bf1f0,0x000000076ab00000)
 Metaspace       used 32076K, capacity 32778K, committed 33152K, reserved 1079296K
  class space    used 3395K, capacity 3590K, committed 3712K, reserved 1048576K
Event: 115.903 GC heap after
Heap after GC invocations=2184 (full 1090):
 PSYoungGen      total 619008K, used 0K [0x0000000795580000, 0x00000007bbb80000, 0x00000007c0000000)
  eden space 610304K, 0% used [0x0000000795580000,0x0000000795580000,0x00000007ba980000)
  from space 8704K, 0% used [0x00000007bb300000,0x00000007bb300000,0x00000007bbb80000)
  to   space 9216K, 0% used [0x00000007ba980000,0x00000007ba980000,0x00000007bb280000)
 ParOldGen       total 699392K, used 293190K [0x0000000740000000, 0x000000076ab00000, 0x0000000795580000)
  object space 699392K, 41% used [0x0000000740000000,0x0000000751e51ac0,0x000000076ab00000)
 Metaspace       used 32076K, capacity 32778K, committed 33152K, reserved 1079296K
  class space    used 3395K, capacity 3590K, committed 3712K, reserved 1048576K
}
Event: 115.904 GC heap before
{Heap before GC invocations=2185 (full 1090):
 PSYoungGen      total 619008K, used 11709K [0x0000000795580000, 0x00000007bbb80000, 0x00000007c0000000)
  eden space 610304K, 1% used [0x0000000795580000,0x00000007960ef7c0,0x00000007ba980000)
  from space 8704K, 0% used [0x00000007bb300000,0x00000007bb300000,0x00000007bbb80000)
  to   space 9216K, 0% used [0x00000007ba980000,0x00000007ba980000,0x00000007bb280000)
 ParOldGen       total 699392K, used 293190K [0x0000000740000000, 0x000000076ab00000, 0x0000000795580000)
  object space 699392K, 41% used [0x0000000740000000,0x0000000751e51ac0,0x000000076ab00000)
 Metaspace       used 32076K, capacity 32778K, committed 33152K, reserved 1079296K
  class space    used 3395K, capacity 3590K, committed 3712K, reserved 1048576K
Event: 115.905 GC heap after
Heap after GC invocations=2185 (full 1090):
 PSYoungGen      total 610816K, used 96K [0x0000000795580000, 0x00000007bba80000, 0x00000007c0000000)
  eden space 610304K, 0% used [0x0000000795580000,0x0000000795580000,0x00000007ba980000)
  from space 512K, 18% used [0x00000007ba980000,0x00000007ba998000,0x00000007baa00000)
  to   space 8704K, 0% used [0x00000007bb200000,0x00000007bb200000,0x00000007bba80000)
 ParOldGen       total 699392K, used 293190K [0x0000000740000000, 0x000000076ab00000, 0x0000000795580000)
  object space 699392K, 41% used [0x0000000740000000,0x0000000751e51ac0,0x000000076ab00000)
 Metaspace       used 32076K, capacity 32778K, committed 33152K, reserved 1079296K
  class space    used 3395K, capacity 3590K, committed 3712K, reserved 1048576K
}
Event: 115.905 GC heap before
{Heap before GC invocations=2186 (full 1091):
 PSYoungGen      total 610816K, used 96K [0x0000000795580000, 0x00000007bba80000, 0x00000007c0000000)
  eden space 610304K, 0% used [0x0000000795580000,0x0000000795580000,0x00000007ba980000)
  from space 512K, 18% used [0x00000007ba980000,0x00000007ba998000,0x00000007baa00000)
  to   space 8704K, 0% used [0x00000007bb200000,0x00000007bb200000,0x00000007bba80000)
 ParOldGen       total 699392K, used 293190K [0x0000000740000000, 0x000000076ab00000, 0x0000000795580000)
  object space 699392K, 41% used [0x0000000740000000,0x0000000751e51ac0,0x000000076ab00000)
 Metaspace       used 32076K, capacity 32778K, committed 33152K, reserved 1079296K
  class space    used 3395K, capacity 3590K, committed 3712K, reserved 1048576K
Event: 115.948 GC heap after
Heap after GC invocations=2186 (full 1091):
 PSYoungGen      total 610816K, used 0K [0x0000000795580000, 0x00000007bba80000, 0x00000007c0000000)
  eden space 610304K, 0% used [0x0000000795580000,0x0000000795580000,0x00000007ba980000)
  from space 512K, 0% used [0x00000007ba980000,0x00000007ba980000,0x00000007baa00000)
  to   space 8704K, 0% used [0x00000007bb200000,0x00000007bb200000,0x00000007bba80000)
 ParOldGen       total 699392K, used 293053K [0x0000000740000000, 0x000000076ab00000, 0x0000000795580000)
  object space 699392K, 41% used [0x0000000740000000,0x0000000751e2f480,0x000000076ab00000)
 Metaspace       used 32076K, capacity 32778K, committed 33152K, reserved 1079296K
  class space    used 3395K, capacity 3590K, committed 3712K, reserved 1048576K
}

