# JRE version: OpenJDK Runtime Environment (8.0_265-b01) (build 1.8.0_265-b01)
# Java VM: OpenJDK 64-Bit Server VM (25.265-b01 mixed mode bsd-amd64 compressed oops)
Heap:
 PSYoungGen      total 387072K, used 59341K [0x0000000795580000, 0x00000007b3100000, 0x00000007c0000000)
  eden space 343552K, 4% used [0x0000000795580000,0x00000007964fafe8,0x00000007aa500000)
  from space 43520K, 99% used [0x00000007acf80000,0x00000007af9f8510,0x00000007afa00000)
  to   space 43520K, 0% used [0x00000007aa500000,0x00000007aa500000,0x00000007acf80000)
 ParOldGen       total 699392K, used 84277K [0x0000000740000000, 0x000000076ab00000, 0x0000000795580000)
  object space 699392K, 12% used [0x0000000740000000,0x000000074524d4f0,0x000000076ab00000)
 Metaspace       used 25522K, capacity 25992K, committed 26240K, reserved 1073152K
  class space    used 2762K, capacity 2919K, committed 2944K, reserved 1048576K
GC Heap History (10 events):
Event: 1.629 GC heap before
{Heap before GC invocations=1 (full 0):
 PSYoungGen      total 305664K, used 262144K [0x0000000795580000, 0x00000007aaa80000, 0x00000007c0000000)
  eden space 262144K, 100% used [0x0000000795580000,0x00000007a5580000,0x00000007a5580000)
  from space 43520K, 0% used [0x00000007a8000000,0x00000007a8000000,0x00000007aaa80000)
  to   space 43520K, 0% used [0x00000007a5580000,0x00000007a5580000,0x00000007a8000000)
 ParOldGen       total 699392K, used 0K [0x0000000740000000, 0x000000076ab00000, 0x0000000795580000)
  object space 699392K, 0% used [0x0000000740000000,0x0000000740000000,0x000000076ab00000)
 Metaspace       used 16139K, capacity 16440K, committed 16768K, reserved 1064960K
  class space    used 1704K, capacity 1806K, committed 1920K, reserved 1048576K
Event: 1.637 GC heap after
Heap after GC invocations=1 (full 0):
 PSYoungGen      total 305664K, used 12535K [0x0000000795580000, 0x00000007aaa80000, 0x00000007c0000000)
  eden space 262144K, 0% used [0x0000000795580000,0x0000000795580000,0x00000007a5580000)
  from space 43520K, 28% used [0x00000007a5580000,0x00000007a61bdd50,0x00000007a8000000)
  to   space 43520K, 0% used [0x00000007a8000000,0x00000007a8000000,0x00000007aaa80000)
 ParOldGen       total 699392K, used 32K [0x0000000740000000, 0x000000076ab00000, 0x0000000795580000)
  object space 699392K, 0% used [0x0000000740000000,0x0000000740008000,0x000000076ab00000)
 Metaspace       used 16139K, capacity 16440K, committed 16768K, reserved 1064960K
  class space    used 1704K, capacity 1806K, committed 1920K, reserved 1048576K
}
Event: 2.151 GC heap before
{Heap before GC invocations=2 (full 0):
 PSYoungGen      total 305664K, used 140980K [0x0000000795580000, 0x00000007aaa80000, 0x00000007c0000000)
  eden space 262144K, 48% used [0x0000000795580000,0x000000079d2ef300,0x00000007a5580000)
  from space 43520K, 28% used [0x00000007a5580000,0x00000007a61bdd50,0x00000007a8000000)
  to   space 43520K, 0% used [0x00000007a8000000,0x00000007a8000000,0x00000007aaa80000)
 ParOldGen       total 699392K, used 32K [0x0000000740000000, 0x000000076ab00000, 0x0000000795580000)
  object space 699392K, 0% used [0x0000000740000000,0x0000000740008000,0x000000076ab00000)
 Metaspace       used 20693K, capacity 20982K, committed 21296K, reserved 1069056K
  class space    used 2224K, capacity 2339K, committed 2432K, reserved 1048576K
Event: 2.158 GC heap after
Heap after GC invocations=2 (full 0):
 PSYoungGen      total 305664K, used 14397K [0x0000000795580000, 0x00000007aaa80000, 0x00000007c0000000)
  eden space 262144K, 0% used [0x0000000795580000,0x0000000795580000,0x00000007a5580000)
  from space 43520K, 33% used [0x00000007a8000000,0x00000007a8e0f768,0x00000007aaa80000)
  to   space 43520K, 0% used [0x00000007a5580000,0x00000007a5580000,0x00000007a8000000)
 ParOldGen       total 699392K, used 48K [0x0000000740000000, 0x000000076ab00000, 0x0000000795580000)
  object space 699392K, 0% used [0x0000000740000000,0x000000074000c000,0x000000076ab00000)
 Metaspace       used 20693K, capacity 20982K, committed 21296K, reserved 1069056K
  class space    used 2224K, capacity 2339K, committed 2432K, reserved 1048576K
}
Event: 2.158 GC heap before
{Heap before GC invocations=3 (full 1):
 PSYoungGen      total 305664K, used 14397K [0x0000000795580000, 0x00000007aaa80000, 0x00000007c0000000)
  eden space 262144K, 0% used [0x0000000795580000,0x0000000795580000,0x00000007a5580000)
  from space 43520K, 33% used [0x00000007a8000000,0x00000007a8e0f768,0x00000007aaa80000)
  to   space 43520K, 0% used [0x00000007a5580000,0x00000007a5580000,0x00000007a8000000)
 ParOldGen       total 699392K, used 48K [0x0000000740000000, 0x000000076ab00000, 0x0000000795580000)
  object space 699392K, 0% used [0x0000000740000000,0x000000074000c000,0x000000076ab00000)
 Metaspace       used 20693K, capacity 20982K, committed 21296K, reserved 1069056K
  class space    used 2224K, capacity 2339K, committed 2432K, reserved 1048576K
Event: 2.191 GC heap after
Heap after GC invocations=3 (full 1):
 PSYoungGen      total 305664K, used 0K [0x0000000795580000, 0x00000007aaa80000, 0x00000007c0000000)
  eden space 262144K, 0% used [0x0000000795580000,0x0000000795580000,0x00000007a5580000)
  from space 43520K, 0% used [0x00000007a8000000,0x00000007a8000000,0x00000007aaa80000)
  to   space 43520K, 0% used [0x00000007a5580000,0x00000007a5580000,0x00000007a8000000)
 ParOldGen       total 699392K, used 14085K [0x0000000740000000, 0x000000076ab00000, 0x0000000795580000)
  object space 699392K, 2% used [0x0000000740000000,0x0000000740dc1500,0x000000076ab00000)
 Metaspace       used 20693K, capacity 20982K, committed 21296K, reserved 1069056K
  class space    used 2224K, capacity 2339K, committed 2432K, reserved 1048576K
}
Event: 4.198 GC heap before
{Heap before GC invocations=4 (full 1):
 PSYoungGen      total 305664K, used 262144K [0x0000000795580000, 0x00000007aaa80000, 0x00000007c0000000)
  eden space 262144K, 100% used [0x0000000795580000,0x00000007a5580000,0x00000007a5580000)
  from space 43520K, 0% used [0x00000007a8000000,0x00000007a8000000,0x00000007aaa80000)
  to   space 43520K, 0% used [0x00000007a5580000,0x00000007a5580000,0x00000007a8000000)
 ParOldGen       total 699392K, used 14085K [0x0000000740000000, 0x000000076ab00000, 0x0000000795580000)
  object space 699392K, 2% used [0x0000000740000000,0x0000000740dc1500,0x000000076ab00000)
 Metaspace       used 25335K, capacity 25832K, committed 26240K, reserved 1073152K
  class space    used 2747K, capacity 2887K, committed 2944K, reserved 1048576K
Event: 4.202 GC heap after
Heap after GC invocations=4 (full 1):
 PSYoungGen      total 305664K, used 8477K [0x0000000795580000, 0x00000007afa00000, 0x00000007c0000000)
  eden space 262144K, 0% used [0x0000000795580000,0x0000000795580000,0x00000007a5580000)
  from space 43520K, 19% used [0x00000007a5580000,0x00000007a5dc75b8,0x00000007a8000000)
  to   space 43520K, 0% used [0x00000007acf80000,0x00000007acf80000,0x00000007afa00000)
 ParOldGen       total 699392K, used 14093K [0x0000000740000000, 0x000000076ab00000, 0x0000000795580000)
  object space 699392K, 2% used [0x0000000740000000,0x0000000740dc3500,0x000000076ab00000)
 Metaspace       used 25335K, capacity 25832K, committed 26240K, reserved 1073152K
  class space    used 2747K, capacity 2887K, committed 2944K, reserved 1048576K
}
Event: 5.191 GC heap before
{Heap before GC invocations=5 (full 1):
 PSYoungGen      total 305664K, used 270621K [0x0000000795580000, 0x00000007afa00000, 0x00000007c0000000)
  eden space 262144K, 100% used [0x0000000795580000,0x00000007a5580000,0x00000007a5580000)
  from space 43520K, 19% used [0x00000007a5580000,0x00000007a5dc75b8,0x00000007a8000000)
  to   space 43520K, 0% used [0x00000007acf80000,0x00000007acf80000,0x00000007afa00000)
 ParOldGen       total 699392K, used 14093K [0x0000000740000000, 0x000000076ab00000, 0x0000000795580000)
  object space 699392K, 2% used [0x0000000740000000,0x0000000740dc3500,0x000000076ab00000)
 Metaspace       used 25514K, capacity 25992K, committed 26240K, reserved 1073152K
  class space    used 2762K, capacity 2919K, committed 2944K, reserved 1048576K
Event: 5.239 GC heap after
Heap after GC invocations=5 (full 1):
 PSYoungGen      total 387072K, used 43489K [0x0000000795580000, 0x00000007b3100000, 0x00000007c0000000)
  eden space 343552K, 0% used [0x0000000795580000,0x0000000795580000,0x00000007aa500000)
  from space 43520K, 99% used [0x00000007acf80000,0x00000007af9f8510,0x00000007afa00000)
  to   space 43520K, 0% used [0x00000007aa500000,0x00000007aa500000,0x00000007acf80000)
 ParOldGen       total 699392K, used 84277K [0x0000000740000000, 0x000000076ab00000, 0x0000000795580000)
  object space 699392K, 12% used [0x0000000740000000,0x000000074524d4f0,0x000000076ab00000)
 Metaspace       used 25514K, capacity 25992K, committed 26240K, reserved 1073152K
  class space    used 2762K, capacity 2919K, committed 2944K, reserved 1048576K
}

