# JRE version: OpenJDK Runtime Environment (8.0_265-b01) (build 1.8.0_265-b01)
# Java VM: OpenJDK 64-Bit Server VM (25.265-b01 mixed mode bsd-amd64 compressed oops)
Heap:
 PSYoungGen      total 305664K, used 104971K [0x0000000795580000, 0x00000007b0300000, 0x00000007c0000000)
  eden space 262144K, 32% used [0x0000000795580000,0x000000079a995a10,0x00000007a5580000)
  from space 43520K, 43% used [0x00000007a5580000,0x00000007a67ed5d8,0x00000007a8000000)
  to   space 43520K, 0% used [0x00000007ad880000,0x00000007ad880000,0x00000007b0300000)
 ParOldGen       total 699392K, used 14200K [0x0000000740000000, 0x000000076ab00000, 0x0000000795580000)
  object space 699392K, 2% used [0x0000000740000000,0x0000000740dde258,0x000000076ab00000)
 Metaspace       used 25387K, capacity 25832K, committed 26240K, reserved 1073152K
  class space    used 2744K, capacity 2887K, committed 2944K, reserved 1048576K
GC Heap History (8 events):
Event: 1.559 GC heap before
{Heap before GC invocations=1 (full 0):
 PSYoungGen      total 305664K, used 262144K [0x0000000795580000, 0x00000007aaa80000, 0x00000007c0000000)
  eden space 262144K, 100% used [0x0000000795580000,0x00000007a5580000,0x00000007a5580000)
  from space 43520K, 0% used [0x00000007a8000000,0x00000007a8000000,0x00000007aaa80000)
  to   space 43520K, 0% used [0x00000007a5580000,0x00000007a5580000,0x00000007a8000000)
 ParOldGen       total 699392K, used 0K [0x0000000740000000, 0x000000076ab00000, 0x0000000795580000)
  object space 699392K, 0% used [0x0000000740000000,0x0000000740000000,0x000000076ab00000)
 Metaspace       used 15887K, capacity 16094K, committed 16384K, reserved 1064960K
  class space    used 1675K, capacity 1773K, committed 1792K, reserved 1048576K
Event: 1.568 GC heap after
Heap after GC invocations=1 (full 0):
 PSYoungGen      total 305664K, used 12612K [0x0000000795580000, 0x00000007aaa80000, 0x00000007c0000000)
  eden space 262144K, 0% used [0x0000000795580000,0x0000000795580000,0x00000007a5580000)
  from space 43520K, 28% used [0x00000007a5580000,0x00000007a61d1150,0x00000007a8000000)
  to   space 43520K, 0% used [0x00000007a8000000,0x00000007a8000000,0x00000007aaa80000)
 ParOldGen       total 699392K, used 32K [0x0000000740000000, 0x000000076ab00000, 0x0000000795580000)
  object space 699392K, 0% used [0x0000000740000000,0x0000000740008000,0x000000076ab00000)
 Metaspace       used 15887K, capacity 16094K, committed 16384K, reserved 1064960K
  class space    used 1675K, capacity 1773K, committed 1792K, reserved 1048576K
}
Event: 2.068 GC heap before
{Heap before GC invocations=2 (full 0):
 PSYoungGen      total 305664K, used 146237K [0x0000000795580000, 0x00000007aaa80000, 0x00000007c0000000)
  eden space 262144K, 50% used [0x0000000795580000,0x000000079d7fe4d8,0x00000007a5580000)
  from space 43520K, 28% used [0x00000007a5580000,0x00000007a61d1150,0x00000007a8000000)
  to   space 43520K, 0% used [0x00000007a8000000,0x00000007a8000000,0x00000007aaa80000)
 ParOldGen       total 699392K, used 32K [0x0000000740000000, 0x000000076ab00000, 0x0000000795580000)
  object space 699392K, 0% used [0x0000000740000000,0x0000000740008000,0x000000076ab00000)
 Metaspace       used 20693K, capacity 20990K, committed 21296K, reserved 1069056K
  class space    used 2223K, capacity 2339K, committed 2432K, reserved 1048576K
Event: 2.076 GC heap after
Heap after GC invocations=2 (full 0):
 PSYoungGen      total 305664K, used 14880K [0x0000000795580000, 0x00000007baa80000, 0x00000007c0000000)
  eden space 262144K, 0% used [0x0000000795580000,0x0000000795580000,0x00000007a5580000)
  from space 43520K, 34% used [0x00000007a8000000,0x00000007a8e88040,0x00000007aaa80000)
  to   space 43520K, 0% used [0x00000007a5580000,0x00000007a5580000,0x00000007a8000000)
 ParOldGen       total 699392K, used 48K [0x0000000740000000, 0x000000076ab00000, 0x0000000795580000)
  object space 699392K, 0% used [0x0000000740000000,0x000000074000c000,0x000000076ab00000)
 Metaspace       used 20693K, capacity 20990K, committed 21296K, reserved 1069056K
  class space    used 2223K, capacity 2339K, committed 2432K, reserved 1048576K
}
Event: 2.076 GC heap before
{Heap before GC invocations=3 (full 1):
 PSYoungGen      total 305664K, used 14880K [0x0000000795580000, 0x00000007baa80000, 0x00000007c0000000)
  eden space 262144K, 0% used [0x0000000795580000,0x0000000795580000,0x00000007a5580000)
  from space 43520K, 34% used [0x00000007a8000000,0x00000007a8e88040,0x00000007aaa80000)
  to   space 43520K, 0% used [0x00000007a5580000,0x00000007a5580000,0x00000007a8000000)
 ParOldGen       total 699392K, used 48K [0x0000000740000000, 0x000000076ab00000, 0x0000000795580000)
  object space 699392K, 0% used [0x0000000740000000,0x000000074000c000,0x000000076ab00000)
 Metaspace       used 20693K, capacity 20990K, committed 21296K, reserved 1069056K
  class space    used 2223K, capacity 2339K, committed 2432K, reserved 1048576K
Event: 2.109 GC heap after
Heap after GC invocations=3 (full 1):
 PSYoungGen      total 305664K, used 0K [0x0000000795580000, 0x00000007baa80000, 0x00000007c0000000)
  eden space 262144K, 0% used [0x0000000795580000,0x0000000795580000,0x00000007a5580000)
  from space 43520K, 0% used [0x00000007a8000000,0x00000007a8000000,0x00000007aaa80000)
  to   space 43520K, 0% used [0x00000007a5580000,0x00000007a5580000,0x00000007a8000000)
 ParOldGen       total 699392K, used 14192K [0x0000000740000000, 0x000000076ab00000, 0x0000000795580000)
  object space 699392K, 2% used [0x0000000740000000,0x0000000740ddc258,0x000000076ab00000)
 Metaspace       used 20693K, capacity 20990K, committed 21296K, reserved 1069056K
  class space    used 2223K, capacity 2339K, committed 2432K, reserved 1048576K
}
Event: 4.004 GC heap before
{Heap before GC invocations=4 (full 1):
 PSYoungGen      total 305664K, used 262144K [0x0000000795580000, 0x00000007baa80000, 0x00000007c0000000)
  eden space 262144K, 100% used [0x0000000795580000,0x00000007a5580000,0x00000007a5580000)
  from space 43520K, 0% used [0x00000007a8000000,0x00000007a8000000,0x00000007aaa80000)
  to   space 43520K, 0% used [0x00000007a5580000,0x00000007a5580000,0x00000007a8000000)
 ParOldGen       total 699392K, used 14192K [0x0000000740000000, 0x000000076ab00000, 0x0000000795580000)
  object space 699392K, 2% used [0x0000000740000000,0x0000000740ddc258,0x000000076ab00000)
 Metaspace       used 25247K, capacity 25704K, committed 25984K, reserved 1073152K
  class space    used 2733K, capacity 2887K, committed 2944K, reserved 1048576K
Event: 4.011 GC heap after
Heap after GC invocations=4 (full 1):
 PSYoungGen      total 305664K, used 18869K [0x0000000795580000, 0x00000007b0300000, 0x00000007c0000000)
  eden space 262144K, 0% used [0x0000000795580000,0x0000000795580000,0x00000007a5580000)
  from space 43520K, 43% used [0x00000007a5580000,0x00000007a67ed5d8,0x00000007a8000000)
  to   space 43520K, 0% used [0x00000007ad880000,0x00000007ad880000,0x00000007b0300000)
 ParOldGen       total 699392K, used 14200K [0x0000000740000000, 0x000000076ab00000, 0x0000000795580000)
  object space 699392K, 2% used [0x0000000740000000,0x0000000740dde258,0x000000076ab00000)
 Metaspace       used 25247K, capacity 25704K, committed 25984K, reserved 1073152K
  class space    used 2733K, capacity 2887K, committed 2944K, reserved 1048576K
}

