# JRE version: OpenJDK Runtime Environment (8.0_265-b01) (build 1.8.0_265-b01)
# Java VM: OpenJDK 64-Bit Server VM (25.265-b01 mixed mode bsd-amd64 compressed oops)
Heap:
 PSYoungGen      total 521216K, used 188500K [0x0000000795580000, 0x00000007b5b80000, 0x00000007c0000000)
  eden space 512000K, 36% used [0x0000000795580000,0x00000007a0d95398,0x00000007b4980000)
  from space 9216K, 0% used [0x00000007b5280000,0x00000007b5280000,0x00000007b5b80000)
  to   space 9216K, 0% used [0x00000007b4980000,0x00000007b4980000,0x00000007b5280000)
 ParOldGen       total 699392K, used 293242K [0x0000000740000000, 0x000000076ab00000, 0x0000000795580000)
  object space 699392K, 41% used [0x0000000740000000,0x0000000751e5eb40,0x000000076ab00000)
 Metaspace       used 32641K, capacity 33460K, committed 33664K, reserved 1079296K
  class space    used 3434K, capacity 3635K, committed 3712K, reserved 1048576K
GC Heap History (10 events):
Event: 141.254 GC heap before
{Heap before GC invocations=3252 (full 1624):
 PSYoungGen      total 521728K, used 128K [0x0000000795580000, 0x00000007b5c80000, 0x00000007c0000000)
  eden space 512000K, 0% used [0x0000000795580000,0x0000000795580000,0x00000007b4980000)
  from space 9728K, 1% used [0x00000007b5300000,0x00000007b5320000,0x00000007b5c80000)
  to   space 9728K, 0% used [0x00000007b4980000,0x00000007b4980000,0x00000007b5300000)
 ParOldGen       total 699392K, used 581778K [0x0000000740000000, 0x000000076ab00000, 0x0000000795580000)
  object space 699392K, 83% used [0x0000000740000000,0x00000007638248d0,0x000000076ab00000)
 Metaspace       used 32641K, capacity 33460K, committed 33664K, reserved 1079296K
  class space    used 3434K, capacity 3635K, committed 3712K, reserved 1048576K
Event: 141.313 GC heap after
Heap after GC invocations=3252 (full 1624):
 PSYoungGen      total 521728K, used 0K [0x0000000795580000, 0x00000007b5c80000, 0x00000007c0000000)
  eden space 512000K, 0% used [0x0000000795580000,0x0000000795580000,0x00000007b4980000)
  from space 9728K, 0% used [0x00000007b5300000,0x00000007b5300000,0x00000007b5c80000)
  to   space 9728K, 0% used [0x00000007b4980000,0x00000007b4980000,0x00000007b5300000)
 ParOldGen       total 699392K, used 526266K [0x0000000740000000, 0x000000076ab00000, 0x0000000795580000)
  object space 699392K, 75% used [0x0000000740000000,0x00000007601ee9a8,0x000000076ab00000)
 Metaspace       used 32641K, capacity 33460K, committed 33664K, reserved 1079296K
  class space    used 3434K, capacity 3635K, committed 3712K, reserved 1048576K
}
Event: 141.395 GC heap before
{Heap before GC invocations=3253 (full 1624):
 PSYoungGen      total 521728K, used 89290K [0x0000000795580000, 0x00000007b5c80000, 0x00000007c0000000)
  eden space 512000K, 17% used [0x0000000795580000,0x000000079acb2ad0,0x00000007b4980000)
  from space 9728K, 0% used [0x00000007b5300000,0x00000007b5300000,0x00000007b5c80000)
  to   space 9728K, 0% used [0x00000007b4980000,0x00000007b4980000,0x00000007b5300000)
 ParOldGen       total 699392K, used 526266K [0x0000000740000000, 0x000000076ab00000, 0x0000000795580000)
  object space 699392K, 75% used [0x0000000740000000,0x00000007601ee9a8,0x000000076ab00000)
 Metaspace       used 32641K, capacity 33460K, committed 33664K, reserved 1079296K
  class space    used 3434K, capacity 3635K, committed 3712K, reserved 1048576K
Event: 141.397 GC heap after
Heap after GC invocations=3253 (full 1624):
 PSYoungGen      total 512512K, used 288K [0x0000000795580000, 0x00000007b5b80000, 0x00000007c0000000)
  eden space 512000K, 0% used [0x0000000795580000,0x0000000795580000,0x00000007b4980000)
  from space 512K, 56% used [0x00000007b4980000,0x00000007b49c8010,0x00000007b4a00000)
  to   space 9216K, 0% used [0x00000007b5280000,0x00000007b5280000,0x00000007b5b80000)
 ParOldGen       total 699392K, used 526266K [0x0000000740000000, 0x000000076ab00000, 0x0000000795580000)
  object space 699392K, 75% used [0x0000000740000000,0x00000007601ee9a8,0x000000076ab00000)
 Metaspace       used 32641K, capacity 33460K, committed 33664K, reserved 1079296K
  class space    used 3434K, capacity 3635K, committed 3712K, reserved 1048576K
}
Event: 141.397 GC heap before
{Heap before GC invocations=3254 (full 1625):
 PSYoungGen      total 512512K, used 288K [0x0000000795580000, 0x00000007b5b80000, 0x00000007c0000000)
  eden space 512000K, 0% used [0x0000000795580000,0x0000000795580000,0x00000007b4980000)
  from space 512K, 56% used [0x00000007b4980000,0x00000007b49c8010,0x00000007b4a00000)
  to   space 9216K, 0% used [0x00000007b5280000,0x00000007b5280000,0x00000007b5b80000)
 ParOldGen       total 699392K, used 526266K [0x0000000740000000, 0x000000076ab00000, 0x0000000795580000)
  object space 699392K, 75% used [0x0000000740000000,0x00000007601ee9a8,0x000000076ab00000)
 Metaspace       used 32641K, capacity 33460K, committed 33664K, reserved 1079296K
  class space    used 3434K, capacity 3635K, committed 3712K, reserved 1048576K
Event: 141.454 GC heap after
Heap after GC invocations=3254 (full 1625):
 PSYoungGen      total 512512K, used 0K [0x0000000795580000, 0x00000007b5b80000, 0x00000007c0000000)
  eden space 512000K, 0% used [0x0000000795580000,0x0000000795580000,0x00000007b4980000)
  from space 512K, 0% used [0x00000007b4980000,0x00000007b4980000,0x00000007b4a00000)
  to   space 9216K, 0% used [0x00000007b5280000,0x00000007b5280000,0x00000007b5b80000)
 ParOldGen       total 699392K, used 293380K [0x0000000740000000, 0x000000076ab00000, 0x0000000795580000)
  object space 699392K, 41% used [0x0000000740000000,0x0000000751e812d8,0x000000076ab00000)
 Metaspace       used 32641K, capacity 33460K, committed 33664K, reserved 1079296K
  class space    used 3434K, capacity 3635K, committed 3712K, reserved 1048576K
}
Event: 141.454 GC heap before
{Heap before GC invocations=3255 (full 1625):
 PSYoungGen      total 512512K, used 9922K [0x0000000795580000, 0x00000007b5b80000, 0x00000007c0000000)
  eden space 512000K, 1% used [0x0000000795580000,0x0000000795f30b88,0x00000007b4980000)
  from space 512K, 0% used [0x00000007b4980000,0x00000007b4980000,0x00000007b4a00000)
  to   space 9216K, 0% used [0x00000007b5280000,0x00000007b5280000,0x00000007b5b80000)
 ParOldGen       total 699392K, used 293380K [0x0000000740000000, 0x000000076ab00000, 0x0000000795580000)
  object space 699392K, 41% used [0x0000000740000000,0x0000000751e812d8,0x000000076ab00000)
 Metaspace       used 32641K, capacity 33460K, committed 33664K, reserved 1079296K
  class space    used 3434K, capacity 3635K, committed 3712K, reserved 1048576K
Event: 141.455 GC heap after
Heap after GC invocations=3255 (full 1625):
 PSYoungGen      total 521216K, used 64K [0x0000000795580000, 0x00000007b5b80000, 0x00000007c0000000)
  eden space 512000K, 0% used [0x0000000795580000,0x0000000795580000,0x00000007b4980000)
  from space 9216K, 0% used [0x00000007b5280000,0x00000007b5290000,0x00000007b5b80000)
  to   space 9216K, 0% used [0x00000007b4980000,0x00000007b4980000,0x00000007b5280000)
 ParOldGen       total 699392K, used 293380K [0x0000000740000000, 0x000000076ab00000, 0x0000000795580000)
  object space 699392K, 41% used [0x0000000740000000,0x0000000751e812d8,0x000000076ab00000)
 Metaspace       used 32641K, capacity 33460K, committed 33664K, reserved 1079296K
  class space    used 3434K, capacity 3635K, committed 3712K, reserved 1048576K
}
Event: 141.455 GC heap before
{Heap before GC invocations=3256 (full 1626):
 PSYoungGen      total 521216K, used 64K [0x0000000795580000, 0x00000007b5b80000, 0x00000007c0000000)
  eden space 512000K, 0% used [0x0000000795580000,0x0000000795580000,0x00000007b4980000)
  from space 9216K, 0% used [0x00000007b5280000,0x00000007b5290000,0x00000007b5b80000)
  to   space 9216K, 0% used [0x00000007b4980000,0x00000007b4980000,0x00000007b5280000)
 ParOldGen       total 699392K, used 293380K [0x0000000740000000, 0x000000076ab00000, 0x0000000795580000)
  object space 699392K, 41% used [0x0000000740000000,0x0000000751e812d8,0x000000076ab00000)
 Metaspace       used 32641K, capacity 33460K, committed 33664K, reserved 1079296K
  class space    used 3434K, capacity 3635K, committed 3712K, reserved 1048576K
Event: 141.494 GC heap after
Heap after GC invocations=3256 (full 1626):
 PSYoungGen      total 521216K, used 0K [0x0000000795580000, 0x00000007b5b80000, 0x00000007c0000000)
  eden space 512000K, 0% used [0x0000000795580000,0x0000000795580000,0x00000007b4980000)
  from space 9216K, 0% used [0x00000007b5280000,0x00000007b5280000,0x00000007b5b80000)
  to   space 9216K, 0% used [0x00000007b4980000,0x00000007b4980000,0x00000007b5280000)
 ParOldGen       total 699392K, used 293242K [0x0000000740000000, 0x000000076ab00000, 0x0000000795580000)
  object space 699392K, 41% used [0x0000000740000000,0x0000000751e5eb40,0x000000076ab00000)
 Metaspace       used 32641K, capacity 33460K, committed 33664K, reserved 1079296K
  class space    used 3434K, capacity 3635K, committed 3712K, reserved 1048576K
}

